build/outputs/mapping/debug/seeds.txt
androidx.appcompat.widget.AppCompatCheckedTextView: void setCheckMarkDrawable(int)
androidx.vectordrawable.graphics.drawable.VectorDrawableCompat$VFullPath: void setStrokeAlpha(float)
com.dropbox.core.v2.common.PathRootError$Tag: com.dropbox.core.v2.common.PathRootError$Tag[] values()
androidx.coordinatorlayout.widget.CoordinatorLayout: void setStatusBarBackground(android.graphics.drawable.Drawable)
androidx.recyclerview.widget.RecyclerView: int getChildDrawingOrder(int,int)
androidx.recyclerview.widget.RecyclerView: void swapAdapter(androidx.recyclerview.widget.RecyclerView$Adapter,boolean)
com.google.android.material.chip.Chip: void setRippleColorResource(int)
com.google.android.material.chip.Chip: void setTextEndPadding(float)
androidx.appcompat.widget.Toolbar: void setCollapseIcon(android.graphics.drawable.Drawable)
com.google.android.material.textfield.TextInputLayout: void setEndIconMode(int)
androidx.appcompat.widget.Toolbar: void setSubtitleTextColor(int)
androidx.appcompat.widget.ActionBarContextView: int getContentHeight()
androidx.lifecycle.CompositeGeneratedAdaptersObserver: void onStateChanged(androidx.lifecycle.LifecycleOwner,androidx.lifecycle.Lifecycle$Event)
com.google.android.material.chip.Chip: void setCheckedIconVisible(boolean)
androidx.collection.ArraySet: void freeArrays(int[],java.lang.Object[],int)
androidx.recyclerview.widget.RecyclerView: androidx.recyclerview.widget.RecyclerViewAccessibilityDelegate getCompatAccessibilityDelegate()
com.squareup.picasso.Picasso$Priority: com.squareup.picasso.Picasso$Priority[] values()
com.dropbox.core.v2.teampolicies.SharedLinkCreatePolicy: com.dropbox.core.v2.teampolicies.SharedLinkCreatePolicy[] values()
androidx.appcompat.widget.LinearLayoutCompat: void setGravity(int)
com.google.android.material.textfield.TextInputLayout: void setEndIconTintList(android.content.res.ColorStateList)
com.dropbox.core.v2.files.ThumbnailError$Tag: com.dropbox.core.v2.files.ThumbnailError$Tag valueOf(java.lang.String)
androidx.appcompat.widget.ActionBarOverlayLayout: void setShowingForActionMode(boolean)
androidx.recyclerview.widget.RecyclerView: void onSizeChanged(int,int,int,int)
com.google.android.material.circularreveal.cardview.CircularRevealCardView: com.google.android.material.circularreveal.CircularRevealWidget$RevealInfo getRevealInfo()
com.google.zxing.ChecksumException: <clinit>()
androidx.coordinatorlayout.widget.CoordinatorLayout$Behavior: CoordinatorLayout$Behavior()
androidx.appcompat.app.AppCompatViewInflater: AppCompatViewInflater()
androidx.appcompat.widget.AppCompatImageButton: void setImageURI(android.net.Uri)
androidx.appcompat.widget.ActionBarContextView: void setTitle(java.lang.CharSequence)
androidx.core.app.ActivityCompat$1: void run()
com.google.android.material.circularreveal.CircularRevealFrameLayout: android.graphics.drawable.Drawable getCircularRevealOverlayDrawable()
android.support.media.ExifInterface: void swapBasedOnImageSize(int,int)
com.fasterxml.jackson.core.sym.CharsToNameCanonicalizer: com.fasterxml.jackson.core.sym.CharsToNameCanonicalizer makeOrphan(int)
androidx.appcompat.widget.SearchView$SearchAutoComplete: SearchView$SearchAutoComplete(android.content.Context,android.util.AttributeSet)
com.fasterxml.jackson.core.JsonToken: com.fasterxml.jackson.core.JsonToken valueOf(java.lang.String)
androidx.coordinatorlayout.widget.CoordinatorLayout: androidx.coordinatorlayout.widget.CoordinatorLayout$Behavior parseBehavior(android.content.Context,android.util.AttributeSet,java.lang.String)
androidx.appcompat.widget.AppCompatCheckBox: void setSupportButtonTintList(android.content.res.ColorStateList)
com.google.android.material.appbar.AppBarLayout: int getDownNestedPreScrollRange()
com.google.android.material.floatingactionbutton.ExtendedFloatingActionButton$ExtendedFloatingActionButtonBehavior: ExtendedFloatingActionButton$ExtendedFloatingActionButtonBehavior(android.content.Context,android.util.AttributeSet)