build/outputs/mapping/debug/mapping.txt
# compiler: R8
# compiler_version: 3.2.74
# min_api: 19
# common_typos_disable
# {"id":"com.android.tools.r8.mapping","version":"2.0"}
# pg_map_id: b673350
# pg_map_hash: SHA-256 b673350085161e2f5cf80ca8d90fa97fb9e3b5f6ef94eb078bb82ca597f1294b
...
com.squareup.picasso.ImageViewAction -> com.squareup.picasso.ImageViewAction:
    31:34:void <init>(com.squareup.picasso.Picasso,android.widget.ImageView,com.squareup.picasso.Request,int,int,int,android.graphics.drawable.Drawable,java.lang.String,java.lang.Object,com.squareup.picasso.Callback,boolean) -> <init>
    77:81:void cancel() -> cancel
    37:54:void complete(android.graphics.Bitmap,com.squareup.picasso.Picasso$LoadedFrom) -> complete
    57:74:void error(java.lang.Exception) -> error
com.squareup.picasso.LruCache -> com.squareup.picasso.LruCache:
    31:32:void <init>(android.content.Context) -> <init>
    35:41:void <init>(int) -> <init>
    44:45:android.graphics.Bitmap get(java.lang.String) -> get
    71:71:int maxSize() -> maxSize
    49:64:void set(java.lang.String,android.graphics.Bitmap) -> set
    67:67:int size() -> size
com.squareup.picasso.LruCache$1 -> com.squareup.picasso.LruCache$1:
    36:36:void <init>(com.squareup.picasso.LruCache,int) -> <init>
    36:36:int sizeOf(java.lang.Object,java.lang.Object) -> sizeOf
    38:38:int sizeOf(java.lang.String,com.squareup.picasso.LruCache$BitmapAndSize) -> sizeOf
com.squareup.picasso.LruCache$BitmapAndSize -> com.squareup.picasso.LruCache$BitmapAndSize:
    113:116:void <init>(android.graphics.Bitmap,int) -> <init>
com.squareup.picasso.MarkableInputStream -> com.squareup.picasso.MarkableInputStream:
    40:41:void <init>(java.io.InputStream) -> <init>
    44:45:void <init>(java.io.InputStream,int) -> <init>
    35:53:void <init>(java.io.InputStream,int,int) -> <init>
    75:76:void allowMarksToExpire(boolean) -> allowMarksToExpire
    174:174:int available() -> available
    178:179:void close() -> close
    57:58:void mark(int) -> mark
    182:182:boolean markSupported() -> markSupported
    132:139:int read() -> read
    143:150:int read(byte[]) -> read
    154:161:int read(byte[],int,int) -> read
    103:104:void reset() -> reset
    108:114:void reset(long) -> reset
    67:71:long savePosition(int) -> savePosition
    87:99:void setLimit(long) -> setLimit
    118:129:void skip(long,long) -> skip
    165:170:long skip(long) -> skip
com.squareup.picasso.MediaStoreRequestHandler -> com.squareup.picasso.MediaStoreRequestHandler:
    42:42:void <clinit>() -> <clinit>
    47:48:void <init>(android.content.Context) -> <init>
    51:53:boolean canHandleRequest(com.squareup.picasso.Request) -> canHandleRequest
    109:121:int getExifOrientation(android.content.ContentResolver,android.net.Uri) -> getExifOrientation
    100:105:com.squareup.picasso.MediaStoreRequestHandler$PicassoKind getPicassoKind(int,int) -> getPicassoKind
    57:96:com.squareup.picasso.RequestHandler$Result load(com.squareup.picasso.Request,int) -> load
com.squareup.picasso.MediaStoreRequestHandler$PicassoKind -> com.squareup.picasso.MediaStoreRequestHandler$PicassoKind:
    126:129:void <clinit>() -> <clinit>
    135:139:void <init>(java.lang.String,int,int,int,int) -> <init>
    126:126:com.squareup.picasso.MediaStoreRequestHandler$PicassoKind valueOf(java.lang.String) -> valueOf
    126:126:com.squareup.picasso.MediaStoreRequestHandler$PicassoKind[] values() -> values
com.squareup.picasso.MemoryPolicy -> com.squareup.picasso.MemoryPolicy:
    19:28:void <clinit>() -> <clinit>
    40:42:void <init>(java.lang.String,int,int) -> <init>
    31:31:boolean shouldReadFromMemoryCache(int) -> shouldReadFromMemoryCache
    35:35:boolean shouldWriteToMemoryCache(int) -> shouldWriteToMemoryCache
    19:19:com.squareup.picasso.MemoryPolicy valueOf(java.lang.String) -> valueOf
    19:19:com.squareup.picasso.MemoryPolicy[] values() -> values