build/outputs/mapping/debug/usage.txt
com.dropbox.core.examples.android.BuildConfig
com.dropbox.core.examples.android.R$anim
com.dropbox.core.examples.android.R$animator
com.dropbox.core.examples.android.R$attr
com.dropbox.core.examples.android.R$bool
com.dropbox.core.examples.android.R$color
com.dropbox.core.examples.android.R$dimen
com.dropbox.core.examples.android.R$drawable
com.dropbox.core.examples.android.R$id
com.dropbox.core.examples.android.R$integer
com.dropbox.core.examples.android.R$interpolator
com.dropbox.core.examples.android.R$layout
com.dropbox.core.examples.android.R$menu
com.dropbox.core.examples.android.R$mipmap
com.dropbox.core.examples.android.R$plurals
com.dropbox.core.examples.android.R$raw
com.dropbox.core.examples.android.R$string
com.dropbox.core.examples.android.R$style
com.dropbox.core.examples.android.R$styleable
com.dropbox.core.examples.android.R$xml
com.dropbox.core.examples.android.R
...
com.dropbox.core.v2.teamlog.SharedLinkDisableDetails
com.dropbox.core.v2.teamlog.SharedLinkDisableType$Serializer
com.dropbox.core.v2.teamlog.SharedLinkDisableType
com.dropbox.core.v2.teamlog.SharedLinkDownloadDetails$Serializer
com.dropbox.core.v2.teamlog.SharedLinkDownloadDetails
com.dropbox.core.v2.teamlog.SharedLinkDownloadType$Serializer
com.dropbox.core.v2.teamlog.SharedLinkDownloadType
com.dropbox.core.v2.teamlog.SharedLinkRemoveExpiryDetails$Serializer
com.dropbox.core.v2.teamlog.SharedLinkRemoveExpiryDetails
com.dropbox.core.v2.teamlog.SharedLinkRemoveExpiryType$Serializer
com.dropbox.core.v2.teamlog.SharedLinkRemoveExpiryType
com.dropbox.core.v2.teamlog.SharedLinkSettingsAddExpirationDetails$Builder
com.dropbox.core.v2.teamlog.SharedLinkSettingsAddExpirationDetails$Serializer
com.dropbox.core.v2.teamlog.SharedLinkSettingsAddExpirationDetails
com.dropbox.core.v2.teamlog.SharedLinkSettingsAddExpirationType$Serializer
com.dropbox.core.v2.teamlog.SharedLinkSettingsAddExpirationType
com.dropbox.core.v2.teamlog.SharedLinkSettingsAddPasswordDetails$Serializer
com.dropbox.core.v2.teamlog.SharedLinkSettingsAddPasswordDetails
com.dropbox.core.v2.teamlog.SharedLinkSettingsAddPasswordType$Serializer
com.dropbox.core.v2.teamlog.SharedLinkSettingsAddPasswordType
com.dropbox.core.v2.teamlog.SharedLinkSettingsAllowDownloadDisabledDetails$Serializer
com.dropbox.core.v2.teamlog.SharedLinkSettingsAllowDownloadDisabledDetails
com.dropbox.core.v2.teamlog.SharedLinkSettingsAllowDownloadDisabledType$Serializer
com.dropbox.core.v2.teamlog.SharedLinkSettingsAllowDownloadDisabledType
com.dropbox.core.v2.teamlog.SharedLinkSettingsAllowDownloadEnabledDetails$Serializer
com.dropbox.core.v2.teamlog.SharedLinkSettingsAllowDownloadEnabledDetails
com.dropbox.core.v2.teamlog.SharedLinkSettingsAllowDownloadEnabledType$Serializer
com.dropbox.core.v2.teamlog.SharedLinkSettingsAllowDownloadEnabledType
com.dropbox.core.v2.teamlog.SharedLinkSettingsChangeAudienceDetails$Builder
com.dropbox.core.v2.teamlog.SharedLinkSettingsChangeAudienceDetails$Serializer
com.dropbox.core.v2.teamlog.SharedLinkSettingsChangeAudienceDetails
com.dropbox.core.v2.teamlog.SharedLinkSettingsChangeAudienceType$Serializer
com.dropbox.core.v2.teamlog.SharedLinkSettingsChangeAudienceType
com.dropbox.core.v2.teamlog.SharedLinkSettingsChangeExpirationDetails$Builder
com.dropbox.core.v2.teamlog.SharedLinkSettingsChangeExpirationDetails$Serializer
com.dropbox.core.v2.teamlog.SharedLinkSettingsChangeExpirationDetails
com.dropbox.core.v2.teamlog.SharedLinkSettingsChangeExpirationType$Serializer
com.dropbox.core.v2.teamlog.SharedLinkSettingsChangeExpirationType
com.dropbox.core.v2.teamlog.SharedLinkSettingsChangePasswordDetails$Serializer
com.dropbox.core.v2.teamlog.SharedLinkSettingsChangePasswordDetails
com.dropbox.core.v2.teamlog.SharedLinkSettingsChangePasswordType$Serializer
com.dropbox.core.v2.teamlog.SharedLinkSettingsChangePasswordType
com.dropbox.core.v2.teamlog.SharedLinkSettingsRemoveExpirationDetails$Builder
com.dropbox.core.v2.teamlog.SharedLinkSettingsRemoveExpirationDetails$Serializer
com.dropbox.core.v2.teamlog.SharedLinkSettingsRemoveExpirationDetails
com.dropbox.core.v2.teamlog.SharedLinkSettingsRemoveExpirationType$Serializer
com.dropbox.core.v2.teamlog.SharedLinkSettingsRemoveExpirationType
com.dropbox.core.v2.teamlog.SharedLinkSettingsRemovePasswordDetails$Serializer
com.dropbox.core.v2.teamlog.SharedLinkSettingsRemovePasswordDetails
com.dropbox.core.v2.teamlog.SharedLinkSettingsRemovePasswordType$Serializer
com.dropbox.core.v2.teamlog.SharedLinkSettingsRemovePasswordType
com.dropbox.core.v2.teamlog.SharedLinkShareDetails$Builder
com.dropbox.core.v2.teamlog.SharedLinkShareDetails$Serializer
com.dropbox.core.v2.teamlog.SharedLinkShareDetails
com.dropbox.core.v2.teamlog.SharedLinkShareType$Serializer
com.dropbox.core.v2.teamlog.SharedLinkShareType
com.dropbox.core.v2.teamlog.SharedLinkViewDetails$Serializer
com.dropbox.core.v2.teamlog.SharedLinkViewDetails